# JRE version: OpenJDK Runtime Environment (24.0+36) (build 24+36-3646)
# Java VM: OpenJDK 64-Bit Server VM (24+36-3646, mixed mode, emulated-client, sharing, tiered, compressed oops, compressed class ptrs, g1 gc, windows-amd64)
GC Precious Log:
 CardTable entry size: 512
 Card Set container configuration: InlinePtr #cards 5 size 8 Array Of Cards #cards 10 size 36 Howl #buckets 4 coarsen threshold 1843 Howl Bitmap #cards 512 size 80 coarsen threshold 460 Card regions per heap region 1 cards per card region 2048
 CPUs: 4 total, 4 available
 Memory: 8088M
 Large Page Support: Disabled
 NUMA Support: Disabled
 Compressed Oops: Enabled (32-bit)
 Heap Region Size: 1M
 Heap Min Capacity: 8M
 Heap Initial Capacity: 128M
 Heap Max Capacity: 2024M
 Pre-touch: Disabled
 Parallel Workers: 4
 Concurrent Workers: 1
 Concurrent Refinement Workers: 4
 Periodic GC: Disabled
Heap:
 garbage-first heap   total reserved 2072576K, committed 61440K, used 40952K [0x0000000081800000, 0x0000000100000000)
  region size 1024K, 16 young (16384K), 4 survivors (4096K)
 Metaspace       used 65773K, committed 66304K, reserved 1114112K
  class space    used 7131K, committed 7360K, reserved 1048576K
GC Heap History (20 events):
Event: 7.223 GC heap before
{Heap before GC invocations=5 (full 0):
 garbage-first heap   total reserved 2072576K, committed 51200K, used 36428K [0x0000000081800000, 0x0000000100000000)
  region size 1024K, 22 young (22528K), 2 survivors (2048K)
 Metaspace       used 29669K, committed 29952K, reserved 1114112K
  class space    used 3018K, committed 3136K, reserved 1048576K
}
Event: 7.233 GC heap after
{Heap after GC invocations=6 (full 0):
 garbage-first heap   total reserved 2072576K, committed 51200K, used 18469K [0x0000000081800000, 0x0000000100000000)
  region size 1024K, 3 young (3072K), 3 survivors (3072K)
 Metaspace       used 29669K, committed 29952K, reserved 1114112K
  class space    used 3018K, committed 3136K, reserved 1048576K
}
Event: 8.097 GC heap before
{Heap before GC invocations=6 (full 0):
 garbage-first heap   total reserved 2072576K, committed 51200K, used 38949K [0x0000000081800000, 0x0000000100000000)
  region size 1024K, 23 young (23552K), 3 survivors (3072K)
 Metaspace       used 32308K, committed 32704K, reserved 1114112K
  class space    used 3398K, committed 3584K, reserved 1048576K
}
Event: 8.110 GC heap after
{Heap after GC invocations=7 (full 0):
 garbage-first heap   total reserved 2072576K, committed 51200K, used 20089K [0x0000000081800000, 0x0000000100000000)
  region size 1024K, 3 young (3072K), 3 survivors (3072K)
 Metaspace       used 32308K, committed 32704K, reserved 1114112K
  class space    used 3398K, committed 3584K, reserved 1048576K
}
Event: 8.771 GC heap before
{Heap before GC invocations=7 (full 0):
 garbage-first heap   total reserved 2072576K, committed 51200K, used 40569K [0x0000000081800000, 0x0000000100000000)
  region size 1024K, 23 young (23552K), 3 survivors (3072K)
 Metaspace       used 35015K, committed 35456K, reserved 1114112K
  class space    used 3708K, committed 3904K, reserved 1048576K
}
Event: 8.783 GC heap after
{Heap after GC invocations=8 (full 0):
 garbage-first heap   total reserved 2072576K, committed 61440K, used 22150K [0x0000000081800000, 0x0000000100000000)
  region size 1024K, 2 young (2048K), 2 survivors (2048K)
 Metaspace       used 35015K, committed 35456K, reserved 1114112K
  class space    used 3708K, committed 3904K, reserved 1048576K
}
Event: 8.861 GC heap before
{Heap before GC invocations=8 (full 0):
 garbage-first heap   total reserved 2072576K, committed 61440K, used 24198K [0x0000000081800000, 0x0000000100000000)
  region size 1024K, 5 young (5120K), 2 survivors (2048K)
 Metaspace       used 35636K, committed 36096K, reserved 1114112K
  class space    used 3758K, committed 3968K, reserved 1048576K
}
Event: 8.867 GC heap after
{Heap after GC invocations=9 (full 0):
 garbage-first heap   total reserved 2072576K, committed 61440K, used 22230K [0x0000000081800000, 0x0000000100000000)
  region size 1024K, 2 young (2048K), 2 survivors (2048K)
 Metaspace       used 35636K, committed 36096K, reserved 1114112K
  class space    used 3758K, committed 3968K, reserved 1048576K
}
Event: 9.921 GC heap before
{Heap before GC invocations=10 (full 0):
 garbage-first heap   total reserved 2072576K, committed 61440K, used 50902K [0x0000000081800000, 0x0000000100000000)
  region size 1024K, 30 young (30720K), 2 survivors (2048K)
 Metaspace       used 41755K, committed 42240K, reserved 1114112K
  class space    used 4440K, committed 4608K, reserved 1048576K
}
Event: 9.928 GC heap after
{Heap after GC invocations=11 (full 0):
 garbage-first heap   total reserved 2072576K, committed 61440K, used 23217K [0x0000000081800000, 0x0000000100000000)
  region size 1024K, 3 young (3072K), 3 survivors (3072K)
 Metaspace       used 41755K, committed 42240K, reserved 1114112K
  class space    used 4440K, committed 4608K, reserved 1048576K
}
Event: 10.952 GC heap before
{Heap before GC invocations=11 (full 0):
 garbage-first heap   total reserved 2072576K, committed 61440K, used 51889K [0x0000000081800000, 0x0000000100000000)
  region size 1024K, 31 young (31744K), 3 survivors (3072K)
 Metaspace       used 48648K, committed 49152K, reserved 1114112K
  class space    used 5108K, committed 5312K, reserved 1048576K
}
Event: 10.963 GC heap after
{Heap after GC invocations=12 (full 0):
 garbage-first heap   total reserved 2072576K, committed 61440K, used 25853K [0x0000000081800000, 0x0000000100000000)
  region size 1024K, 4 young (4096K), 4 survivors (4096K)
 Metaspace       used 48648K, committed 49152K, reserved 1114112K
  class space    used 5108K, committed 5312K, reserved 1048576K
}
Event: 11.909 GC heap before
{Heap before GC invocations=12 (full 0):
 garbage-first heap   total reserved 2072576K, committed 61440K, used 52477K [0x0000000081800000, 0x0000000100000000)
  region size 1024K, 30 young (30720K), 4 survivors (4096K)
 Metaspace       used 55836K, committed 56320K, reserved 1114112K
  class space    used 5888K, committed 6080K, reserved 1048576K
}
Event: 11.922 GC heap after
{Heap after GC invocations=13 (full 0):
 garbage-first heap   total reserved 2072576K, committed 61440K, used 27238K [0x0000000081800000, 0x0000000100000000)
  region size 1024K, 2 young (2048K), 2 survivors (2048K)
 Metaspace       used 55836K, committed 56320K, reserved 1114112K
  class space    used 5888K, committed 6080K, reserved 1048576K
}
Event: 13.086 GC heap before
{Heap before GC invocations=13 (full 0):
 garbage-first heap   total reserved 2072576K, committed 61440K, used 52838K [0x0000000081800000, 0x0000000100000000)
  region size 1024K, 27 young (27648K), 2 survivors (2048K)
 Metaspace       used 59956K, committed 60480K, reserved 1114112K
  class space    used 6431K, committed 6656K, reserved 1048576K
}
Event: 13.091 GC heap after
{Heap after GC invocations=14 (full 0):
 garbage-first heap   total reserved 2072576K, committed 61440K, used 27899K [0x0000000081800000, 0x0000000100000000)
  region size 1024K, 2 young (2048K), 2 survivors (2048K)
 Metaspace       used 59956K, committed 60480K, reserved 1114112K
  class space    used 6431K, committed 6656K, reserved 1048576K
}
Event: 13.145 GC heap before
{Heap before GC invocations=14 (full 0):
 garbage-first heap   total reserved 2072576K, committed 61440K, used 28923K [0x0000000081800000, 0x0000000100000000)
  region size 1024K, 4 young (4096K), 2 survivors (2048K)
 Metaspace       used 60233K, committed 60736K, reserved 1114112K
  class space    used 6465K, committed 6720K, reserved 1048576K
}
Event: 13.150 GC heap after
{Heap after GC invocations=15 (full 0):
 garbage-first heap   total reserved 2072576K, committed 61440K, used 27904K [0x0000000081800000, 0x0000000100000000)
  region size 1024K, 2 young (2048K), 2 survivors (2048K)
 Metaspace       used 60233K, committed 60736K, reserved 1114112K
  class space    used 6465K, committed 6720K, reserved 1048576K
}
Event: 14.297 GC heap before
{Heap before GC invocations=16 (full 0):
 garbage-first heap   total reserved 2072576K, committed 61440K, used 55552K [0x0000000081800000, 0x0000000100000000)
  region size 1024K, 29 young (29696K), 2 survivors (2048K)
 Metaspace       used 64235K, committed 64768K, reserved 1114112K
  class space    used 6925K, committed 7168K, reserved 1048576K
}
Event: 14.309 GC heap after
{Heap after GC invocations=17 (full 0):
 garbage-first heap   total reserved 2072576K, committed 61440K, used 29688K [0x0000000081800000, 0x0000000100000000)
  region size 1024K, 4 young (4096K), 4 survivors (4096K)
 Metaspace       used 64235K, committed 64768K, reserved 1114112K
  class space    used 6925K, committed 7168K, reserved 1048576K
}

